0 info it worked if it ends with ok
1 verbose cli [ 'node', '/usr/local/bin/npm', 'install', '-g', 'ios-deploy' ]
2 info using npm@2.7.5
3 info using node@v0.12.2
4 silly cache add args [ 'ios-deploy', null ]
5 verbose cache add spec ios-deploy
6 silly cache add parsed spec { raw: 'ios-deploy',
6 silly cache add   scope: null,
6 silly cache add   name: 'ios-deploy',
6 silly cache add   rawSpec: '',
6 silly cache add   spec: '*',
6 silly cache add   type: 'range' }
7 verbose addNamed ios-deploy@*
8 silly addNamed semver.valid null
9 silly addNamed semver.validRange *
10 silly addNameRange { name: 'ios-deploy', range: '*', hasData: false }
11 silly mapToRegistry name ios-deploy
12 silly mapToRegistry using default registry
13 silly mapToRegistry registry https://registry.npmjs.org/
14 silly mapToRegistry uri https://registry.npmjs.org/ios-deploy
15 verbose addNameRange registry:https://registry.npmjs.org/ios-deploy not in flight; fetching
16 verbose request uri https://registry.npmjs.org/ios-deploy
17 verbose request no auth needed
18 info attempt registry request try #1 at 4:39:02 PM
19 verbose request id 1983320d18b0adce
20 verbose etag "32Z8P0IEL3B9ADIR4GPWLY6CQ"
21 http request GET https://registry.npmjs.org/ios-deploy
22 http 304 https://registry.npmjs.org/ios-deploy
23 silly get cb [ 304,
23 silly get   { date: 'Tue, 07 Apr 2015 20:39:02 GMT',
23 silly get     server: 'Apache',
23 silly get     via: '1.1 varnish',
23 silly get     'last-modified': 'Tue, 07 Apr 2015 20:39:02 GMT',
23 silly get     'cache-control': 'max-age=60',
23 silly get     etag: '"32Z8P0IEL3B9ADIR4GPWLY6CQ"',
23 silly get     age: '0',
23 silly get     'x-served-by': 'cache-dfw1827-DFW',
23 silly get     'x-cache': 'MISS',
23 silly get     'x-cache-hits': '0',
23 silly get     'x-timer': 'S1428439142.954675,VS0,VE45',
23 silly get     vary: 'Accept',
23 silly get     'content-length': '0',
23 silly get     'keep-alive': 'timeout=10, max=50',
23 silly get     connection: 'Keep-Alive' } ]
24 verbose etag https://registry.npmjs.org/ios-deploy from cache
25 verbose get saving ios-deploy to /Users/mike/.npm/registry.npmjs.org/ios-deploy/.cache.json
26 silly addNameRange number 2 { name: 'ios-deploy', range: '*', hasData: true }
27 silly addNameRange versions [ 'ios-deploy',
27 silly addNameRange   [ '1.0.1',
27 silly addNameRange     '1.0.2',
27 silly addNameRange     '1.0.3',
27 silly addNameRange     '1.0.4',
27 silly addNameRange     '1.0.5',
27 silly addNameRange     '1.0.6',
27 silly addNameRange     '1.0.7',
27 silly addNameRange     '1.0.8',
27 silly addNameRange     '1.0.9',
27 silly addNameRange     '1.1.0',
27 silly addNameRange     '1.2.0',
27 silly addNameRange     '1.3.0',
27 silly addNameRange     '1.3.1',
27 silly addNameRange     '1.3.2',
27 silly addNameRange     '1.4.0',
27 silly addNameRange     '1.5.0' ] ]
28 verbose addNamed ios-deploy@1.5.0
29 silly addNamed semver.valid 1.5.0
30 silly addNamed semver.validRange 1.5.0
31 silly cache afterAdd ios-deploy@1.5.0
32 verbose afterAdd /Users/mike/.npm/ios-deploy/1.5.0/package/package.json not in flight; writing
33 verbose afterAdd /Users/mike/.npm/ios-deploy/1.5.0/package/package.json written
34 silly install resolved [ { name: 'ios-deploy',
34 silly install resolved     version: '1.5.0',
34 silly install resolved     description: 'launch iOS apps iOS devices from the command line (Xcode 6)',
34 silly install resolved     main: 'ios-deploy',
34 silly install resolved     scripts: { preinstall: 'make ios-deploy' },
34 silly install resolved     bin: { 'ios-deploy': './ios-deploy' },
34 silly install resolved     repository: { type: 'git', url: 'https://github.com/phonegap/ios-deploy' },
34 silly install resolved     keywords: [ 'ios-deploy', 'deploy to iOS device' ],
34 silly install resolved     author: { name: 'Greg Hughes' },
34 silly install resolved     license: 'GPLv3',
34 silly install resolved     gitHead: '5efdcae8cec80f6fd15dc31f1b319585ac14b8aa',
34 silly install resolved     bugs: { url: 'https://github.com/phonegap/ios-deploy/issues' },
34 silly install resolved     homepage: 'https://github.com/phonegap/ios-deploy',
34 silly install resolved     _id: 'ios-deploy@1.5.0',
34 silly install resolved     _shasum: 'bd4d45266027afebe49e1755370e6d14296179a3',
34 silly install resolved     _from: 'ios-deploy@*',
34 silly install resolved     _npmVersion: '2.5.1',
34 silly install resolved     _nodeVersion: '0.12.0',
34 silly install resolved     _npmUser: { name: 'shazron', email: 'shazron@gmail.com' },
34 silly install resolved     maintainers: [ [Object], [Object], [Object] ],
34 silly install resolved     dist:
34 silly install resolved      { shasum: 'bd4d45266027afebe49e1755370e6d14296179a3',
34 silly install resolved        tarball: 'http://registry.npmjs.org/ios-deploy/-/ios-deploy-1.5.0.tgz' },
34 silly install resolved     directories: {},
34 silly install resolved     _resolved: 'https://registry.npmjs.org/ios-deploy/-/ios-deploy-1.5.0.tgz',
34 silly install resolved     readme: 'ERROR: No README data found!' } ]
35 info install ios-deploy@1.5.0 into /usr/local/lib
36 info installOne ios-deploy@1.5.0
37 verbose installOne of ios-deploy to /usr/local/lib not in flight; installing
38 verbose lock using /Users/mike/.npm/_locks/ios-deploy-198957223cd98201.lock for /usr/local/lib/node_modules/ios-deploy
39 silly install write writing ios-deploy 1.5.0 to /usr/local/lib/node_modules/ios-deploy
40 silly cache addNamed cb ios-deploy@1.5.0
41 verbose unbuild lib/node_modules/ios-deploy
42 silly gentlyRm /usr/local/lib/node_modules/ios-deploy is being purged from base /usr/local
43 verbose gentlyRm don't care about contents; nuking /usr/local/lib/node_modules/ios-deploy
44 verbose tar unpack /Users/mike/.npm/ios-deploy/1.5.0/package.tgz
45 verbose tar unpacking to /usr/local/lib/node_modules/ios-deploy
46 silly gentlyRm /usr/local/lib/node_modules/ios-deploy is being purged
47 verbose gentlyRm don't care about contents; nuking /usr/local/lib/node_modules/ios-deploy
48 silly gunzTarPerm modes [ '755', '644' ]
49 silly gunzTarPerm extractEntry package.json
50 silly gunzTarPerm extractEntry .npmignore
51 silly gunzTarPerm extractEntry README.md
52 silly gunzTarPerm extractEntry LICENSE
53 silly gunzTarPerm extractEntry resources/buildbox/build.sh
54 silly gunzTarPerm extractEntry Makefile
55 silly gunzTarPerm extractEntry CONTRIBUTING.md
56 silly gunzTarPerm extractEntry Entitlements.plist
57 silly gunzTarPerm extractEntry ResourceRules.plist
58 silly gunzTarPerm extractEntry demo.c
59 silly gunzTarPerm extractEntry ios-deploy.c
60 silly gunzTarPerm extractEntry Info.plist
61 silly gunzTarPerm extractEntry MobileDevice.h
62 info preinstall ios-deploy@1.5.0
63 verbose unsafe-perm in lifecycle false
64 info ios-deploy@1.5.0 Failed to exec preinstall script
65 verbose unlock done using /Users/mike/.npm/_locks/ios-deploy-198957223cd98201.lock for /usr/local/lib/node_modules/ios-deploy
66 verbose stack Error: ios-deploy@1.5.0 preinstall: `make ios-deploy`
66 verbose stack Exit status 2
66 verbose stack     at EventEmitter.<anonymous> (/usr/local/lib/node_modules/npm/lib/utils/lifecycle.js:213:16)
66 verbose stack     at EventEmitter.emit (events.js:110:17)
66 verbose stack     at ChildProcess.<anonymous> (/usr/local/lib/node_modules/npm/lib/utils/spawn.js:14:12)
66 verbose stack     at ChildProcess.emit (events.js:110:17)
66 verbose stack     at maybeClose (child_process.js:1015:16)
66 verbose stack     at Process.ChildProcess._handle.onexit (child_process.js:1087:5)
67 verbose pkgid ios-deploy@1.5.0
68 verbose cwd /Applications/MAMP/htdocs/mad9022/dataapp
69 error Darwin 13.4.0
70 error argv "node" "/usr/local/bin/npm" "install" "-g" "ios-deploy"
71 error node v0.12.2
72 error npm  v2.7.5
73 error code ELIFECYCLE
74 error ios-deploy@1.5.0 preinstall: `make ios-deploy`
74 error Exit status 2
75 error Failed at the ios-deploy@1.5.0 preinstall script 'make ios-deploy'.
75 error This is most likely a problem with the ios-deploy package,
75 error not with npm itself.
75 error Tell the author that this fails on your system:
75 error     make ios-deploy
75 error You can get their info via:
75 error     npm owner ls ios-deploy
75 error There is likely additional logging output above.
76 verbose exit [ 1, true ]
77 verbose unbuild lib/node_modules/ios-deploy
78 info preuninstall ios-deploy@1.5.0
79 info uninstall ios-deploy@1.5.0
80 verbose unbuild rmStuff ios-deploy@1.5.0 from /usr/local/lib/node_modules
81 silly gentlyRm /usr/local/bin/ios-deploy is being gently removed
82 silly gentlyRm verifying /usr/local is an npm working directory
83 silly gentlyRm containing path /usr/local is under npm's control, in /usr/local
84 silly gentlyRm deletion target /usr/local/bin/ios-deploy is under /usr/local
85 verbose gentlyRm vacuuming from /usr/local/bin/ios-deploy up to /usr/local
86 info postuninstall ios-deploy@1.5.0
87 silly gentlyRm /usr/local/lib/node_modules/ios-deploy is being purged from base /usr/local
88 verbose gentlyRm don't care about contents; nuking /usr/local/lib/node_modules/ios-deploy
89 silly vacuum-fs purging /usr/local/lib/node_modules/ios-deploy
90 silly vacuum-fs quitting because other entries in /usr/local/lib/node_modules
